INFO - 2023-05-17 07:10:43 --> Session: Class initialized using 'CodeIgniter\Session\Handlers\FileHandler' driver.
INFO - 2023-05-17 07:10:43 --> Session: Class initialized using 'CodeIgniter\Session\Handlers\FileHandler' driver.
INFO - 2023-05-17 07:11:10 --> Session: Class initialized using 'CodeIgniter\Session\Handlers\FileHandler' driver.
ERROR - 2023-05-17 07:11:14 --> Error connecting to the database: mysqli_sql_exception: No connection could be made because the target machine actively refused it in C:\xampp\htdocs\projekci3\system\Database\MySQLi\Connection.php:174
Stack trace:
#0 C:\xampp\htdocs\projekci3\system\Database\MySQLi\Connection.php(174): mysqli->real_connect('localhost', 'root', '', 'eloker', 3306, '', 0)
#1 C:\xampp\htdocs\projekci3\system\Database\BaseConnection.php(391): CodeIgniter\Database\MySQLi\Connection->connect(false)
#2 C:\xampp\htdocs\projekci3\system\Database\BaseConnection.php(573): CodeIgniter\Database\BaseConnection->initialize()
#3 C:\xampp\htdocs\projekci3\system\Database\BaseBuilder.php(1616): CodeIgniter\Database\BaseConnection->query('SELECT *\nFROM `...', Array, false)
#4 C:\xampp\htdocs\projekci3\system\Model.php(268): CodeIgniter\Database\BaseBuilder->get()
#5 C:\xampp\htdocs\projekci3\system\BaseModel.php(656): CodeIgniter\Model->doFirst()
#6 C:\xampp\htdocs\projekci3\app\Controllers\Login.php(64): CodeIgniter\BaseModel->first()
#7 C:\xampp\htdocs\projekci3\system\CodeIgniter.php(934): App\Controllers\Login->create()
#8 C:\xampp\htdocs\projekci3\system\CodeIgniter.php(499): CodeIgniter\CodeIgniter->runController(Object(App\Controllers\Login))
#9 C:\xampp\htdocs\projekci3\system\CodeIgniter.php(368): CodeIgniter\CodeIgniter->handleRequest(NULL, Object(Config\Cache), false)
#10 C:\xampp\htdocs\projekci3\public\index.php(67): CodeIgniter\CodeIgniter->run()
#11 C:\xampp\htdocs\projekci3\system\Commands\Server\rewrite.php(47): require_once('C:\\xampp\\htdocs...')
#12 {main}

Next CodeIgniter\Database\Exceptions\DatabaseException: No connection could be made because the target machine actively refused it in C:\xampp\htdocs\projekci3\system\Database\MySQLi\Connection.php:218
Stack trace:
#0 C:\xampp\htdocs\projekci3\system\Database\BaseConnection.php(391): CodeIgniter\Database\MySQLi\Connection->connect(false)
#1 C:\xampp\htdocs\projekci3\system\Database\BaseConnection.php(573): CodeIgniter\Database\BaseConnection->initialize()
#2 C:\xampp\htdocs\projekci3\system\Database\BaseBuilder.php(1616): CodeIgniter\Database\BaseConnection->query('SELECT *\nFROM `...', Array, false)
#3 C:\xampp\htdocs\projekci3\system\Model.php(268): CodeIgniter\Database\BaseBuilder->get()
#4 C:\xampp\htdocs\projekci3\system\BaseModel.php(656): CodeIgniter\Model->doFirst()
#5 C:\xampp\htdocs\projekci3\app\Controllers\Login.php(64): CodeIgniter\BaseModel->first()
#6 C:\xampp\htdocs\projekci3\system\CodeIgniter.php(934): App\Controllers\Login->create()
#7 C:\xampp\htdocs\projekci3\system\CodeIgniter.php(499): CodeIgniter\CodeIgniter->runController(Object(App\Controllers\Login))
#8 C:\xampp\htdocs\projekci3\system\CodeIgniter.php(368): CodeIgniter\CodeIgniter->handleRequest(NULL, Object(Config\Cache), false)
#9 C:\xampp\htdocs\projekci3\public\index.php(67): CodeIgniter\CodeIgniter->run()
#10 C:\xampp\htdocs\projekci3\system\Commands\Server\rewrite.php(47): require_once('C:\\xampp\\htdocs...')
#11 {main}
CRITICAL - 2023-05-17 07:11:14 --> Unable to connect to the database.
Main connection [MySQLi]: No connection could be made because the target machine actively refused it
in SYSTEMPATH\Database\BaseConnection.php on line 427.
 1 SYSTEMPATH\Database\BaseConnection.php(573): CodeIgniter\Database\BaseConnection->initialize()
 2 SYSTEMPATH\Database\BaseBuilder.php(1616): CodeIgniter\Database\BaseConnection->query('SELECT *
FROM `users`
WHERE `email` = :email:
 LIMIT 1', [...], false)
 3 SYSTEMPATH\Model.php(268): CodeIgniter\Database\BaseBuilder->get()
 4 SYSTEMPATH\BaseModel.php(656): CodeIgniter\Model->doFirst()
 5 APPPATH\Controllers\Login.php(64): CodeIgniter\BaseModel->first()
 6 SYSTEMPATH\CodeIgniter.php(934): App\Controllers\Login->create()
 7 SYSTEMPATH\CodeIgniter.php(499): CodeIgniter\CodeIgniter->runController(Object(App\Controllers\Login))
 8 SYSTEMPATH\CodeIgniter.php(368): CodeIgniter\CodeIgniter->handleRequest(null, Object(Config\Cache), false)
 9 FCPATH\index.php(67): CodeIgniter\CodeIgniter->run()
10 SYSTEMPATH\Commands\Server\rewrite.php(47): require_once('FCPATH\\index.php')
INFO - 2023-05-17 07:11:23 --> Session: Class initialized using 'CodeIgniter\Session\Handlers\FileHandler' driver.
ERROR - 2023-05-17 07:11:27 --> Error connecting to the database: mysqli_sql_exception: No connection could be made because the target machine actively refused it in C:\xampp\htdocs\projekci3\system\Database\MySQLi\Connection.php:174
Stack trace:
#0 C:\xampp\htdocs\projekci3\system\Database\MySQLi\Connection.php(174): mysqli->real_connect('localhost', 'root', '', 'eloker', 3306, '', 0)
#1 C:\xampp\htdocs\projekci3\system\Database\BaseConnection.php(391): CodeIgniter\Database\MySQLi\Connection->connect(false)
#2 C:\xampp\htdocs\projekci3\system\Database\BaseConnection.php(573): CodeIgniter\Database\BaseConnection->initialize()
#3 C:\xampp\htdocs\projekci3\system\Database\BaseBuilder.php(1616): CodeIgniter\Database\BaseConnection->query('SELECT *\nFROM `...', Array, false)
#4 C:\xampp\htdocs\projekci3\system\Model.php(268): CodeIgniter\Database\BaseBuilder->get()
#5 C:\xampp\htdocs\projekci3\system\BaseModel.php(656): CodeIgniter\Model->doFirst()
#6 C:\xampp\htdocs\projekci3\app\Controllers\Login.php(64): CodeIgniter\BaseModel->first()
#7 C:\xampp\htdocs\projekci3\system\CodeIgniter.php(934): App\Controllers\Login->create()
#8 C:\xampp\htdocs\projekci3\system\CodeIgniter.php(499): CodeIgniter\CodeIgniter->runController(Object(App\Controllers\Login))
#9 C:\xampp\htdocs\projekci3\system\CodeIgniter.php(368): CodeIgniter\CodeIgniter->handleRequest(NULL, Object(Config\Cache), false)
#10 C:\xampp\htdocs\projekci3\public\index.php(67): CodeIgniter\CodeIgniter->run()
#11 C:\xampp\htdocs\projekci3\system\Commands\Server\rewrite.php(47): require_once('C:\\xampp\\htdocs...')
#12 {main}

Next CodeIgniter\Database\Exceptions\DatabaseException: No connection could be made because the target machine actively refused it in C:\xampp\htdocs\projekci3\system\Database\MySQLi\Connection.php:218
Stack trace:
#0 C:\xampp\htdocs\projekci3\system\Database\BaseConnection.php(391): CodeIgniter\Database\MySQLi\Connection->connect(false)
#1 C:\xampp\htdocs\projekci3\system\Database\BaseConnection.php(573): CodeIgniter\Database\BaseConnection->initialize()
#2 C:\xampp\htdocs\projekci3\system\Database\BaseBuilder.php(1616): CodeIgniter\Database\BaseConnection->query('SELECT *\nFROM `...', Array, false)
#3 C:\xampp\htdocs\projekci3\system\Model.php(268): CodeIgniter\Database\BaseBuilder->get()
#4 C:\xampp\htdocs\projekci3\system\BaseModel.php(656): CodeIgniter\Model->doFirst()
#5 C:\xampp\htdocs\projekci3\app\Controllers\Login.php(64): CodeIgniter\BaseModel->first()
#6 C:\xampp\htdocs\projekci3\system\CodeIgniter.php(934): App\Controllers\Login->create()
#7 C:\xampp\htdocs\projekci3\system\CodeIgniter.php(499): CodeIgniter\CodeIgniter->runController(Object(App\Controllers\Login))
#8 C:\xampp\htdocs\projekci3\system\CodeIgniter.php(368): CodeIgniter\CodeIgniter->handleRequest(NULL, Object(Config\Cache), false)
#9 C:\xampp\htdocs\projekci3\public\index.php(67): CodeIgniter\CodeIgniter->run()
#10 C:\xampp\htdocs\projekci3\system\Commands\Server\rewrite.php(47): require_once('C:\\xampp\\htdocs...')
#11 {main}
CRITICAL - 2023-05-17 07:11:27 --> Unable to connect to the database.
Main connection [MySQLi]: No connection could be made because the target machine actively refused it
in SYSTEMPATH\Database\BaseConnection.php on line 427.
 1 SYSTEMPATH\Database\BaseConnection.php(573): CodeIgniter\Database\BaseConnection->initialize()
 2 SYSTEMPATH\Database\BaseBuilder.php(1616): CodeIgniter\Database\BaseConnection->query('SELECT *
FROM `users`
WHERE `email` = :email:
 LIMIT 1', [...], false)
 3 SYSTEMPATH\Model.php(268): CodeIgniter\Database\BaseBuilder->get()
 4 SYSTEMPATH\BaseModel.php(656): CodeIgniter\Model->doFirst()
 5 APPPATH\Controllers\Login.php(64): CodeIgniter\BaseModel->first()
 6 SYSTEMPATH\CodeIgniter.php(934): App\Controllers\Login->create()
 7 SYSTEMPATH\CodeIgniter.php(499): CodeIgniter\CodeIgniter->runController(Object(App\Controllers\Login))
 8 SYSTEMPATH\CodeIgniter.php(368): CodeIgniter\CodeIgniter->handleRequest(null, Object(Config\Cache), false)
 9 FCPATH\index.php(67): CodeIgniter\CodeIgniter->run()
10 SYSTEMPATH\Commands\Server\rewrite.php(47): require_once('FCPATH\\index.php')
INFO - 2023-05-17 07:11:38 --> Session: Class initialized using 'CodeIgniter\Session\Handlers\FileHandler' driver.
INFO - 2023-05-17 07:11:44 --> Session: Class initialized using 'CodeIgniter\Session\Handlers\FileHandler' driver.
INFO - 2023-05-17 07:11:45 --> Session: Class initialized using 'CodeIgniter\Session\Handlers\FileHandler' driver.
INFO - 2023-05-17 07:11:48 --> Session: Class initialized using 'CodeIgniter\Session\Handlers\FileHandler' driver.
INFO - 2023-05-17 07:13:44 --> Session: Class initialized using 'CodeIgniter\Session\Handlers\FileHandler' driver.
CRITICAL - 2023-05-17 07:13:44 --> Cannot use object of type stdClass as array
in APPPATH\Controllers\UserData.php on line 101.
 1 SYSTEMPATH\CodeIgniter.php(934): App\Controllers\UserData->delete('3')
 2 SYSTEMPATH\CodeIgniter.php(499): CodeIgniter\CodeIgniter->runController(Object(App\Controllers\UserData))
 3 SYSTEMPATH\CodeIgniter.php(368): CodeIgniter\CodeIgniter->handleRequest(null, Object(Config\Cache), false)
 4 FCPATH\index.php(67): CodeIgniter\CodeIgniter->run()
 5 SYSTEMPATH\Commands\Server\rewrite.php(47): require_once('FCPATH\\index.php')
INFO - 2023-05-17 07:13:57 --> Session: Class initialized using 'CodeIgniter\Session\Handlers\FileHandler' driver.
INFO - 2023-05-17 07:18:20 --> Session: Class initialized using 'CodeIgniter\Session\Handlers\FileHandler' driver.
INFO - 2023-05-17 07:18:27 --> Session: Class initialized using 'CodeIgniter\Session\Handlers\FileHandler' driver.
INFO - 2023-05-17 07:18:27 --> Session: Class initialized using 'CodeIgniter\Session\Handlers\FileHandler' driver.
INFO - 2023-05-17 08:50:36 --> Session: Class initialized using 'CodeIgniter\Session\Handlers\FileHandler' driver.
INFO - 2023-05-17 08:50:38 --> Session: Class initialized using 'CodeIgniter\Session\Handlers\FileHandler' driver.
INFO - 2023-05-17 08:50:52 --> Session: Class initialized using 'CodeIgniter\Session\Handlers\FileHandler' driver.
WARNING - 2023-05-17 08:50:52 --> Session: Sessions is enabled, and one exists.Please don't $session->start();
INFO - 2023-05-17 08:51:06 --> Session: Class initialized using 'CodeIgniter\Session\Handlers\FileHandler' driver.
INFO - 2023-05-17 08:51:22 --> Session: Class initialized using 'CodeIgniter\Session\Handlers\FileHandler' driver.
WARNING - 2023-05-17 08:51:22 --> Session: Sessions is enabled, and one exists.Please don't $session->start();
INFO - 2023-05-17 08:54:58 --> Session: Class initialized using 'CodeIgniter\Session\Handlers\FileHandler' driver.
INFO - 2023-05-17 08:55:35 --> Session: Class initialized using 'CodeIgniter\Session\Handlers\FileHandler' driver.
WARNING - 2023-05-17 08:55:35 --> Session: Sessions is enabled, and one exists.Please don't $session->start();
INFO - 2023-05-17 09:07:37 --> Session: Class initialized using 'CodeIgniter\Session\Handlers\FileHandler' driver.
WARNING - 2023-05-17 09:07:37 --> Session: Sessions is enabled, and one exists.Please don't $session->start();
INFO - 2023-05-17 09:07:42 --> Session: Class initialized using 'CodeIgniter\Session\Handlers\FileHandler' driver.
WARNING - 2023-05-17 09:07:42 --> Session: Sessions is enabled, and one exists.Please don't $session->start();
INFO - 2023-05-17 09:07:46 --> Session: Class initialized using 'CodeIgniter\Session\Handlers\FileHandler' driver.
WARNING - 2023-05-17 09:07:46 --> Session: Sessions is enabled, and one exists.Please don't $session->start();
INFO - 2023-05-17 09:10:16 --> Session: Class initialized using 'CodeIgniter\Session\Handlers\FileHandler' driver.
WARNING - 2023-05-17 09:10:16 --> Session: Sessions is enabled, and one exists.Please don't $session->start();
INFO - 2023-05-17 09:10:21 --> Session: Class initialized using 'CodeIgniter\Session\Handlers\FileHandler' driver.
WARNING - 2023-05-17 09:10:21 --> Session: Sessions is enabled, and one exists.Please don't $session->start();
CRITICAL - 2023-05-17 09:10:21 --> Undefined array key "position"
in APPPATH\Views\form_upload.php on line 41.
 1 APPPATH\Views\form_upload.php(41): CodeIgniter\Debug\Exceptions->errorHandler(2, 'Undefined array key "position"', 'APPPATH\\Views\\form_upload.php', 41)
 2 SYSTEMPATH\View\View.php(213): include('APPPATH\\Views\\form_upload.php')
 3 SYSTEMPATH\View\View.php(216): CodeIgniter\View\View->CodeIgniter\View\{closure}()
 4 SYSTEMPATH\Common.php(1184): CodeIgniter\View\View->render('/form_upload', [], true)
 5 APPPATH\Controllers\Job.php(56): view('/form_upload', [...])
 6 SYSTEMPATH\CodeIgniter.php(934): App\Controllers\Job->apply()
 7 SYSTEMPATH\CodeIgniter.php(499): CodeIgniter\CodeIgniter->runController(Object(App\Controllers\Job))
 8 SYSTEMPATH\CodeIgniter.php(368): CodeIgniter\CodeIgniter->handleRequest(null, Object(Config\Cache), false)
 9 FCPATH\index.php(67): CodeIgniter\CodeIgniter->run()
10 SYSTEMPATH\Commands\Server\rewrite.php(47): require_once('FCPATH\\index.php')
INFO - 2023-05-17 09:10:28 --> Session: Class initialized using 'CodeIgniter\Session\Handlers\FileHandler' driver.
WARNING - 2023-05-17 09:10:28 --> Session: Sessions is enabled, and one exists.Please don't $session->start();
INFO - 2023-05-17 09:11:26 --> Session: Class initialized using 'CodeIgniter\Session\Handlers\FileHandler' driver.
WARNING - 2023-05-17 09:11:26 --> Session: Sessions is enabled, and one exists.Please don't $session->start();
INFO - 2023-05-17 09:11:54 --> Session: Class initialized using 'CodeIgniter\Session\Handlers\FileHandler' driver.
WARNING - 2023-05-17 09:11:54 --> Session: Sessions is enabled, and one exists.Please don't $session->start();
INFO - 2023-05-17 09:12:03 --> Session: Class initialized using 'CodeIgniter\Session\Handlers\FileHandler' driver.
WARNING - 2023-05-17 09:12:03 --> Session: Sessions is enabled, and one exists.Please don't $session->start();
INFO - 2023-05-17 09:17:38 --> Session: Class initialized using 'CodeIgniter\Session\Handlers\FileHandler' driver.
WARNING - 2023-05-17 09:17:38 --> Session: Sessions is enabled, and one exists.Please don't $session->start();
INFO - 2023-05-17 09:17:43 --> Session: Class initialized using 'CodeIgniter\Session\Handlers\FileHandler' driver.
WARNING - 2023-05-17 09:17:43 --> Session: Sessions is enabled, and one exists.Please don't $session->start();
CRITICAL - 2023-05-17 09:17:43 --> Undefined array key "position"
in APPPATH\Views\form_upload.php on line 42.
 1 APPPATH\Views\form_upload.php(42): CodeIgniter\Debug\Exceptions->errorHandler(2, 'Undefined array key "position"', 'APPPATH\\Views\\form_upload.php', 42)
 2 SYSTEMPATH\View\View.php(213): include('APPPATH\\Views\\form_upload.php')
 3 SYSTEMPATH\View\View.php(216): CodeIgniter\View\View->CodeIgniter\View\{closure}()
 4 SYSTEMPATH\Common.php(1184): CodeIgniter\View\View->render('/form_upload', [], true)
 5 APPPATH\Controllers\Job.php(56): view('/form_upload', [...])
 6 SYSTEMPATH\CodeIgniter.php(934): App\Controllers\Job->apply()
 7 SYSTEMPATH\CodeIgniter.php(499): CodeIgniter\CodeIgniter->runController(Object(App\Controllers\Job))
 8 SYSTEMPATH\CodeIgniter.php(368): CodeIgniter\CodeIgniter->handleRequest(null, Object(Config\Cache), false)
 9 FCPATH\index.php(67): CodeIgniter\CodeIgniter->run()
10 SYSTEMPATH\Commands\Server\rewrite.php(47): require_once('FCPATH\\index.php')
INFO - 2023-05-17 09:17:53 --> Session: Class initialized using 'CodeIgniter\Session\Handlers\FileHandler' driver.
WARNING - 2023-05-17 09:17:53 --> Session: Sessions is enabled, and one exists.Please don't $session->start();
INFO - 2023-05-17 09:21:51 --> Session: Class initialized using 'CodeIgniter\Session\Handlers\FileHandler' driver.
WARNING - 2023-05-17 09:21:51 --> Session: Sessions is enabled, and one exists.Please don't $session->start();
INFO - 2023-05-17 09:21:55 --> Session: Class initialized using 'CodeIgniter\Session\Handlers\FileHandler' driver.
WARNING - 2023-05-17 09:21:55 --> Session: Sessions is enabled, and one exists.Please don't $session->start();
INFO - 2023-05-17 09:25:53 --> Session: Class initialized using 'CodeIgniter\Session\Handlers\FileHandler' driver.
WARNING - 2023-05-17 09:25:53 --> Session: Sessions is enabled, and one exists.Please don't $session->start();
INFO - 2023-05-17 09:26:45 --> Session: Class initialized using 'CodeIgniter\Session\Handlers\FileHandler' driver.
WARNING - 2023-05-17 09:26:45 --> Session: Sessions is enabled, and one exists.Please don't $session->start();
INFO - 2023-05-17 09:27:45 --> Session: Class initialized using 'CodeIgniter\Session\Handlers\FileHandler' driver.
WARNING - 2023-05-17 09:27:45 --> Session: Sessions is enabled, and one exists.Please don't $session->start();
INFO - 2023-05-17 09:27:49 --> Session: Class initialized using 'CodeIgniter\Session\Handlers\FileHandler' driver.
WARNING - 2023-05-17 09:27:49 --> Session: Sessions is enabled, and one exists.Please don't $session->start();
INFO - 2023-05-17 09:30:51 --> Session: Class initialized using 'CodeIgniter\Session\Handlers\FileHandler' driver.
WARNING - 2023-05-17 09:30:51 --> Session: Sessions is enabled, and one exists.Please don't $session->start();
INFO - 2023-05-17 09:31:00 --> Session: Class initialized using 'CodeIgniter\Session\Handlers\FileHandler' driver.
WARNING - 2023-05-17 09:31:00 --> Session: Sessions is enabled, and one exists.Please don't $session->start();
INFO - 2023-05-17 09:31:35 --> Session: Class initialized using 'CodeIgniter\Session\Handlers\FileHandler' driver.
WARNING - 2023-05-17 09:31:35 --> Session: Sessions is enabled, and one exists.Please don't $session->start();
INFO - 2023-05-17 09:31:38 --> Session: Class initialized using 'CodeIgniter\Session\Handlers\FileHandler' driver.
WARNING - 2023-05-17 09:31:38 --> Session: Sessions is enabled, and one exists.Please don't $session->start();
INFO - 2023-05-17 09:31:42 --> Session: Class initialized using 'CodeIgniter\Session\Handlers\FileHandler' driver.
WARNING - 2023-05-17 09:31:42 --> Session: Sessions is enabled, and one exists.Please don't $session->start();
INFO - 2023-05-17 09:37:19 --> Session: Class initialized using 'CodeIgniter\Session\Handlers\FileHandler' driver.
WARNING - 2023-05-17 09:37:19 --> Session: Sessions is enabled, and one exists.Please don't $session->start();
INFO - 2023-05-17 09:37:26 --> Session: Class initialized using 'CodeIgniter\Session\Handlers\FileHandler' driver.
WARNING - 2023-05-17 09:37:26 --> Session: Sessions is enabled, and one exists.Please don't $session->start();
CRITICAL - 2023-05-17 09:37:27 --> Undefined array key "position"
in APPPATH\Views\form_upload.php on line 42.
 1 APPPATH\Views\form_upload.php(42): CodeIgniter\Debug\Exceptions->errorHandler(2, 'Undefined array key "position"', 'APPPATH\\Views\\form_upload.php', 42)
 2 SYSTEMPATH\View\View.php(213): include('APPPATH\\Views\\form_upload.php')
 3 SYSTEMPATH\View\View.php(216): CodeIgniter\View\View->CodeIgniter\View\{closure}()
 4 SYSTEMPATH\Common.php(1184): CodeIgniter\View\View->render('form_upload', [], true)
 5 APPPATH\Controllers\Job.php(56): view('form_upload', [...])
 6 SYSTEMPATH\CodeIgniter.php(934): App\Controllers\Job->apply()
 7 SYSTEMPATH\CodeIgniter.php(499): CodeIgniter\CodeIgniter->runController(Object(App\Controllers\Job))
 8 SYSTEMPATH\CodeIgniter.php(368): CodeIgniter\CodeIgniter->handleRequest(null, Object(Config\Cache), false)
 9 FCPATH\index.php(67): CodeIgniter\CodeIgniter->run()
10 SYSTEMPATH\Commands\Server\rewrite.php(47): require_once('FCPATH\\index.php')
INFO - 2023-05-17 09:38:49 --> Session: Class initialized using 'CodeIgniter\Session\Handlers\FileHandler' driver.
WARNING - 2023-05-17 09:38:49 --> Session: Sessions is enabled, and one exists.Please don't $session->start();
CRITICAL - 2023-05-17 09:38:49 --> Undefined array key "position"
in APPPATH\Views\form_upload.php on line 42.
 1 APPPATH\Views\form_upload.php(42): CodeIgniter\Debug\Exceptions->errorHandler(2, 'Undefined array key "position"', 'APPPATH\\Views\\form_upload.php', 42)
 2 SYSTEMPATH\View\View.php(213): include('APPPATH\\Views\\form_upload.php')
 3 SYSTEMPATH\View\View.php(216): CodeIgniter\View\View->CodeIgniter\View\{closure}()
 4 SYSTEMPATH\Common.php(1184): CodeIgniter\View\View->render('form_upload', [], true)
 5 APPPATH\Controllers\Job.php(56): view('form_upload', [...])
 6 SYSTEMPATH\CodeIgniter.php(934): App\Controllers\Job->apply()
 7 SYSTEMPATH\CodeIgniter.php(499): CodeIgniter\CodeIgniter->runController(Object(App\Controllers\Job))
 8 SYSTEMPATH\CodeIgniter.php(368): CodeIgniter\CodeIgniter->handleRequest(null, Object(Config\Cache), false)
 9 FCPATH\index.php(67): CodeIgniter\CodeIgniter->run()
10 SYSTEMPATH\Commands\Server\rewrite.php(47): require_once('FCPATH\\index.php')
INFO - 2023-05-17 09:38:51 --> Session: Class initialized using 'CodeIgniter\Session\Handlers\FileHandler' driver.
WARNING - 2023-05-17 09:38:51 --> Session: Sessions is enabled, and one exists.Please don't $session->start();
INFO - 2023-05-17 09:38:53 --> Session: Class initialized using 'CodeIgniter\Session\Handlers\FileHandler' driver.
INFO - 2023-05-17 09:38:54 --> Session: Class initialized using 'CodeIgniter\Session\Handlers\FileHandler' driver.
INFO - 2023-05-17 09:39:16 --> Session: Class initialized using 'CodeIgniter\Session\Handlers\FileHandler' driver.
INFO - 2023-05-17 09:39:19 --> Session: Class initialized using 'CodeIgniter\Session\Handlers\FileHandler' driver.
WARNING - 2023-05-17 09:39:19 --> Session: Sessions is enabled, and one exists.Please don't $session->start();
INFO - 2023-05-17 09:39:21 --> Session: Class initialized using 'CodeIgniter\Session\Handlers\FileHandler' driver.
WARNING - 2023-05-17 09:39:21 --> Session: Sessions is enabled, and one exists.Please don't $session->start();
INFO - 2023-05-17 09:40:13 --> Session: Class initialized using 'CodeIgniter\Session\Handlers\FileHandler' driver.
WARNING - 2023-05-17 09:40:13 --> Session: Sessions is enabled, and one exists.Please don't $session->start();
INFO - 2023-05-17 09:40:20 --> Session: Class initialized using 'CodeIgniter\Session\Handlers\FileHandler' driver.
WARNING - 2023-05-17 09:40:20 --> Session: Sessions is enabled, and one exists.Please don't $session->start();
CRITICAL - 2023-05-17 09:40:20 --> Undefined array key "position"
in APPPATH\Views\form_upload.php on line 8.
 1 APPPATH\Views\form_upload.php(8): CodeIgniter\Debug\Exceptions->errorHandler(2, 'Undefined array key "position"', 'APPPATH\\Views\\form_upload.php', 8)
 2 SYSTEMPATH\View\View.php(213): include('APPPATH\\Views\\form_upload.php')
 3 SYSTEMPATH\View\View.php(216): CodeIgniter\View\View->CodeIgniter\View\{closure}()
 4 SYSTEMPATH\Common.php(1184): CodeIgniter\View\View->render('form_upload', [], true)
 5 APPPATH\Controllers\Job.php(56): view('form_upload', [...])
 6 SYSTEMPATH\CodeIgniter.php(934): App\Controllers\Job->apply()
 7 SYSTEMPATH\CodeIgniter.php(499): CodeIgniter\CodeIgniter->runController(Object(App\Controllers\Job))
 8 SYSTEMPATH\CodeIgniter.php(368): CodeIgniter\CodeIgniter->handleRequest(null, Object(Config\Cache), false)
 9 FCPATH\index.php(67): CodeIgniter\CodeIgniter->run()
10 SYSTEMPATH\Commands\Server\rewrite.php(47): require_once('FCPATH\\index.php')
INFO - 2023-05-17 09:42:17 --> Session: Class initialized using 'CodeIgniter\Session\Handlers\FileHandler' driver.
WARNING - 2023-05-17 09:42:17 --> Session: Sessions is enabled, and one exists.Please don't $session->start();
INFO - 2023-05-17 09:44:29 --> Session: Class initialized using 'CodeIgniter\Session\Handlers\FileHandler' driver.
WARNING - 2023-05-17 09:44:30 --> Session: Sessions is enabled, and one exists.Please don't $session->start();
INFO - 2023-05-17 09:44:40 --> Session: Class initialized using 'CodeIgniter\Session\Handlers\FileHandler' driver.
WARNING - 2023-05-17 09:44:40 --> Session: Sessions is enabled, and one exists.Please don't $session->start();
INFO - 2023-05-17 09:44:50 --> Session: Class initialized using 'CodeIgniter\Session\Handlers\FileHandler' driver.
WARNING - 2023-05-17 09:44:50 --> Session: Sessions is enabled, and one exists.Please don't $session->start();
INFO - 2023-05-17 09:45:46 --> Session: Class initialized using 'CodeIgniter\Session\Handlers\FileHandler' driver.
WARNING - 2023-05-17 09:45:46 --> Session: Sessions is enabled, and one exists.Please don't $session->start();
INFO - 2023-05-17 09:45:58 --> Session: Class initialized using 'CodeIgniter\Session\Handlers\FileHandler' driver.
WARNING - 2023-05-17 09:45:58 --> Session: Sessions is enabled, and one exists.Please don't $session->start();
INFO - 2023-05-17 09:47:11 --> Session: Class initialized using 'CodeIgniter\Session\Handlers\FileHandler' driver.
WARNING - 2023-05-17 09:47:11 --> Session: Sessions is enabled, and one exists.Please don't $session->start();
INFO - 2023-05-17 09:47:40 --> Session: Class initialized using 'CodeIgniter\Session\Handlers\FileHandler' driver.
WARNING - 2023-05-17 09:47:40 --> Session: Sessions is enabled, and one exists.Please don't $session->start();
INFO - 2023-05-17 09:47:45 --> Session: Class initialized using 'CodeIgniter\Session\Handlers\FileHandler' driver.
WARNING - 2023-05-17 09:47:45 --> Session: Sessions is enabled, and one exists.Please don't $session->start();
INFO - 2023-05-17 09:47:59 --> Session: Class initialized using 'CodeIgniter\Session\Handlers\FileHandler' driver.
WARNING - 2023-05-17 09:47:59 --> Session: Sessions is enabled, and one exists.Please don't $session->start();
INFO - 2023-05-17 09:50:41 --> Session: Class initialized using 'CodeIgniter\Session\Handlers\FileHandler' driver.
WARNING - 2023-05-17 09:50:41 --> Session: Sessions is enabled, and one exists.Please don't $session->start();
INFO - 2023-05-17 09:52:07 --> Session: Class initialized using 'CodeIgniter\Session\Handlers\FileHandler' driver.
WARNING - 2023-05-17 09:52:07 --> Session: Sessions is enabled, and one exists.Please don't $session->start();
INFO - 2023-05-17 09:52:33 --> Session: Class initialized using 'CodeIgniter\Session\Handlers\FileHandler' driver.
WARNING - 2023-05-17 09:52:33 --> Session: Sessions is enabled, and one exists.Please don't $session->start();
INFO - 2023-05-17 09:53:39 --> Session: Class initialized using 'CodeIgniter\Session\Handlers\FileHandler' driver.
WARNING - 2023-05-17 09:53:39 --> Session: Sessions is enabled, and one exists.Please don't $session->start();
INFO - 2023-05-17 09:55:01 --> Session: Class initialized using 'CodeIgniter\Session\Handlers\FileHandler' driver.
WARNING - 2023-05-17 09:55:01 --> Session: Sessions is enabled, and one exists.Please don't $session->start();
INFO - 2023-05-17 09:56:12 --> Session: Class initialized using 'CodeIgniter\Session\Handlers\FileHandler' driver.
INFO - 2023-05-17 09:57:33 --> Session: Class initialized using 'CodeIgniter\Session\Handlers\FileHandler' driver.
INFO - 2023-05-17 09:57:45 --> Session: Class initialized using 'CodeIgniter\Session\Handlers\FileHandler' driver.
WARNING - 2023-05-17 09:57:45 --> Session: Sessions is enabled, and one exists.Please don't $session->start();
INFO - 2023-05-17 09:57:50 --> Session: Class initialized using 'CodeIgniter\Session\Handlers\FileHandler' driver.
INFO - 2023-05-17 10:00:06 --> Session: Class initialized using 'CodeIgniter\Session\Handlers\FileHandler' driver.
INFO - 2023-05-17 10:03:52 --> Session: Class initialized using 'CodeIgniter\Session\Handlers\FileHandler' driver.
INFO - 2023-05-17 10:04:47 --> Session: Class initialized using 'CodeIgniter\Session\Handlers\FileHandler' driver.
INFO - 2023-05-17 10:07:25 --> Session: Class initialized using 'CodeIgniter\Session\Handlers\FileHandler' driver.
INFO - 2023-05-17 10:09:23 --> Session: Class initialized using 'CodeIgniter\Session\Handlers\FileHandler' driver.
INFO - 2023-05-17 10:09:34 --> Session: Class initialized using 'CodeIgniter\Session\Handlers\FileHandler' driver.
INFO - 2023-05-17 10:09:35 --> Session: Class initialized using 'CodeIgniter\Session\Handlers\FileHandler' driver.
INFO - 2023-05-17 14:18:36 --> Session: Class initialized using 'CodeIgniter\Session\Handlers\FileHandler' driver.
INFO - 2023-05-17 14:18:37 --> Session: Class initialized using 'CodeIgniter\Session\Handlers\FileHandler' driver.
INFO - 2023-05-17 14:19:00 --> Session: Class initialized using 'CodeIgniter\Session\Handlers\FileHandler' driver.
INFO - 2023-05-17 14:19:00 --> Session: Class initialized using 'CodeIgniter\Session\Handlers\FileHandler' driver.
INFO - 2023-05-17 14:19:05 --> Session: Class initialized using 'CodeIgniter\Session\Handlers\FileHandler' driver.
INFO - 2023-05-17 14:19:07 --> Session: Class initialized using 'CodeIgniter\Session\Handlers\FileHandler' driver.
INFO - 2023-05-17 14:19:14 --> Session: Class initialized using 'CodeIgniter\Session\Handlers\FileHandler' driver.
WARNING - 2023-05-17 14:19:14 --> Session: Sessions is enabled, and one exists.Please don't $session->start();
INFO - 2023-05-17 14:19:18 --> Session: Class initialized using 'CodeIgniter\Session\Handlers\FileHandler' driver.
WARNING - 2023-05-17 14:19:18 --> Session: Sessions is enabled, and one exists.Please don't $session->start();
INFO - 2023-05-17 14:19:43 --> Session: Class initialized using 'CodeIgniter\Session\Handlers\FileHandler' driver.
WARNING - 2023-05-17 14:19:43 --> Session: Sessions is enabled, and one exists.Please don't $session->start();
INFO - 2023-05-17 14:19:43 --> Session: Class initialized using 'CodeIgniter\Session\Handlers\FileHandler' driver.
WARNING - 2023-05-17 14:19:43 --> Session: Sessions is enabled, and one exists.Please don't $session->start();
INFO - 2023-05-17 14:19:49 --> Session: Class initialized using 'CodeIgniter\Session\Handlers\FileHandler' driver.
WARNING - 2023-05-17 14:19:49 --> Session: Sessions is enabled, and one exists.Please don't $session->start();
INFO - 2023-05-17 14:20:00 --> Session: Class initialized using 'CodeIgniter\Session\Handlers\FileHandler' driver.
WARNING - 2023-05-17 14:20:00 --> Session: Sessions is enabled, and one exists.Please don't $session->start();
INFO - 2023-05-17 14:20:05 --> Session: Class initialized using 'CodeIgniter\Session\Handlers\FileHandler' driver.
WARNING - 2023-05-17 14:20:05 --> Session: Sessions is enabled, and one exists.Please don't $session->start();
INFO - 2023-05-17 14:20:31 --> Session: Class initialized using 'CodeIgniter\Session\Handlers\FileHandler' driver.
INFO - 2023-05-17 14:20:34 --> Session: Class initialized using 'CodeIgniter\Session\Handlers\FileHandler' driver.
INFO - 2023-05-17 14:20:37 --> Session: Class initialized using 'CodeIgniter\Session\Handlers\FileHandler' driver.
INFO - 2023-05-17 14:20:40 --> Session: Class initialized using 'CodeIgniter\Session\Handlers\FileHandler' driver.
INFO - 2023-05-17 14:20:48 --> Session: Class initialized using 'CodeIgniter\Session\Handlers\FileHandler' driver.
INFO - 2023-05-17 14:22:09 --> Session: Class initialized using 'CodeIgniter\Session\Handlers\FileHandler' driver.
INFO - 2023-05-17 14:22:09 --> Session: Class initialized using 'CodeIgniter\Session\Handlers\FileHandler' driver.
INFO - 2023-05-17 14:22:52 --> Session: Class initialized using 'CodeIgniter\Session\Handlers\FileHandler' driver.
INFO - 2023-05-17 14:22:56 --> Session: Class initialized using 'CodeIgniter\Session\Handlers\FileHandler' driver.
WARNING - 2023-05-17 14:22:56 --> Session: Sessions is enabled, and one exists.Please don't $session->start();
INFO - 2023-05-17 14:23:06 --> Session: Class initialized using 'CodeIgniter\Session\Handlers\FileHandler' driver.
WARNING - 2023-05-17 14:23:06 --> Session: Sessions is enabled, and one exists.Please don't $session->start();
INFO - 2023-05-17 14:25:16 --> Session: Class initialized using 'CodeIgniter\Session\Handlers\FileHandler' driver.
WARNING - 2023-05-17 14:25:16 --> Session: Sessions is enabled, and one exists.Please don't $session->start();
INFO - 2023-05-17 14:25:41 --> Session: Class initialized using 'CodeIgniter\Session\Handlers\FileHandler' driver.
WARNING - 2023-05-17 14:25:42 --> Session: Sessions is enabled, and one exists.Please don't $session->start();
INFO - 2023-05-17 14:25:52 --> Session: Class initialized using 'CodeIgniter\Session\Handlers\FileHandler' driver.
WARNING - 2023-05-17 14:25:52 --> Session: Sessions is enabled, and one exists.Please don't $session->start();
INFO - 2023-05-17 14:26:36 --> Session: Class initialized using 'CodeIgniter\Session\Handlers\FileHandler' driver.
WARNING - 2023-05-17 14:26:36 --> Session: Sessions is enabled, and one exists.Please don't $session->start();
INFO - 2023-05-17 14:27:14 --> Session: Class initialized using 'CodeIgniter\Session\Handlers\FileHandler' driver.
WARNING - 2023-05-17 14:27:14 --> Session: Sessions is enabled, and one exists.Please don't $session->start();
INFO - 2023-05-17 14:27:27 --> Session: Class initialized using 'CodeIgniter\Session\Handlers\FileHandler' driver.
WARNING - 2023-05-17 14:27:27 --> Session: Sessions is enabled, and one exists.Please don't $session->start();
INFO - 2023-05-17 14:27:27 --> Session: Class initialized using 'CodeIgniter\Session\Handlers\FileHandler' driver.
WARNING - 2023-05-17 14:27:27 --> Session: Sessions is enabled, and one exists.Please don't $session->start();
INFO - 2023-05-17 14:27:32 --> Session: Class initialized using 'CodeIgniter\Session\Handlers\FileHandler' driver.
WARNING - 2023-05-17 14:27:32 --> Session: Sessions is enabled, and one exists.Please don't $session->start();
INFO - 2023-05-17 14:27:38 --> Session: Class initialized using 'CodeIgniter\Session\Handlers\FileHandler' driver.
WARNING - 2023-05-17 14:27:38 --> Session: Sessions is enabled, and one exists.Please don't $session->start();
INFO - 2023-05-17 14:27:41 --> Session: Class initialized using 'CodeIgniter\Session\Handlers\FileHandler' driver.
INFO - 2023-05-17 14:27:51 --> Session: Class initialized using 'CodeIgniter\Session\Handlers\FileHandler' driver.
INFO - 2023-05-17 14:27:53 --> Session: Class initialized using 'CodeIgniter\Session\Handlers\FileHandler' driver.
WARNING - 2023-05-17 14:27:53 --> Session: Sessions is enabled, and one exists.Please don't $session->start();
INFO - 2023-05-17 14:27:55 --> Session: Class initialized using 'CodeIgniter\Session\Handlers\FileHandler' driver.
WARNING - 2023-05-17 14:27:55 --> Session: Sessions is enabled, and one exists.Please don't $session->start();
INFO - 2023-05-17 14:28:32 --> Session: Class initialized using 'CodeIgniter\Session\Handlers\FileHandler' driver.
WARNING - 2023-05-17 14:28:32 --> Session: Sessions is enabled, and one exists.Please don't $session->start();
INFO - 2023-05-17 14:28:39 --> Session: Class initialized using 'CodeIgniter\Session\Handlers\FileHandler' driver.
WARNING - 2023-05-17 14:28:39 --> Session: Sessions is enabled, and one exists.Please don't $session->start();
INFO - 2023-05-17 14:28:45 --> Session: Class initialized using 'CodeIgniter\Session\Handlers\FileHandler' driver.
WARNING - 2023-05-17 14:28:45 --> Session: Sessions is enabled, and one exists.Please don't $session->start();
INFO - 2023-05-17 14:29:24 --> Session: Class initialized using 'CodeIgniter\Session\Handlers\FileHandler' driver.
WARNING - 2023-05-17 14:29:24 --> Session: Sessions is enabled, and one exists.Please don't $session->start();
INFO - 2023-05-17 14:33:24 --> Session: Class initialized using 'CodeIgniter\Session\Handlers\FileHandler' driver.
WARNING - 2023-05-17 14:33:24 --> Session: Sessions is enabled, and one exists.Please don't $session->start();
INFO - 2023-05-17 14:33:26 --> Session: Class initialized using 'CodeIgniter\Session\Handlers\FileHandler' driver.
INFO - 2023-05-17 14:33:30 --> Session: Class initialized using 'CodeIgniter\Session\Handlers\FileHandler' driver.
WARNING - 2023-05-17 14:33:30 --> Session: Sessions is enabled, and one exists.Please don't $session->start();
INFO - 2023-05-17 14:33:32 --> Session: Class initialized using 'CodeIgniter\Session\Handlers\FileHandler' driver.
WARNING - 2023-05-17 14:33:32 --> Session: Sessions is enabled, and one exists.Please don't $session->start();
INFO - 2023-05-17 14:33:34 --> Session: Class initialized using 'CodeIgniter\Session\Handlers\FileHandler' driver.
WARNING - 2023-05-17 14:33:35 --> Session: Sessions is enabled, and one exists.Please don't $session->start();
INFO - 2023-05-17 14:34:05 --> Session: Class initialized using 'CodeIgniter\Session\Handlers\FileHandler' driver.
INFO - 2023-05-17 14:34:05 --> Session: Class initialized using 'CodeIgniter\Session\Handlers\FileHandler' driver.
WARNING - 2023-05-17 14:34:05 --> Session: Sessions is enabled, and one exists.Please don't $session->start();
INFO - 2023-05-17 14:34:27 --> Session: Class initialized using 'CodeIgniter\Session\Handlers\FileHandler' driver.
INFO - 2023-05-17 14:34:27 --> Session: Class initialized using 'CodeIgniter\Session\Handlers\FileHandler' driver.
INFO - 2023-05-17 14:34:34 --> Session: Class initialized using 'CodeIgniter\Session\Handlers\FileHandler' driver.
INFO - 2023-05-17 14:42:58 --> Session: Class initialized using 'CodeIgniter\Session\Handlers\FileHandler' driver.
INFO - 2023-05-17 14:43:03 --> Session: Class initialized using 'CodeIgniter\Session\Handlers\FileHandler' driver.
INFO - 2023-05-17 14:43:11 --> Session: Class initialized using 'CodeIgniter\Session\Handlers\FileHandler' driver.
WARNING - 2023-05-17 14:43:11 --> Session: Sessions is enabled, and one exists.Please don't $session->start();
INFO - 2023-05-17 14:43:13 --> Session: Class initialized using 'CodeIgniter\Session\Handlers\FileHandler' driver.
INFO - 2023-05-17 14:43:16 --> Session: Class initialized using 'CodeIgniter\Session\Handlers\FileHandler' driver.
WARNING - 2023-05-17 14:43:16 --> Session: Sessions is enabled, and one exists.Please don't $session->start();
INFO - 2023-05-17 14:43:19 --> Session: Class initialized using 'CodeIgniter\Session\Handlers\FileHandler' driver.
INFO - 2023-05-17 14:43:20 --> Session: Class initialized using 'CodeIgniter\Session\Handlers\FileHandler' driver.
INFO - 2023-05-17 14:44:47 --> Session: Class initialized using 'CodeIgniter\Session\Handlers\FileHandler' driver.
INFO - 2023-05-17 14:44:50 --> Session: Class initialized using 'CodeIgniter\Session\Handlers\FileHandler' driver.
INFO - 2023-05-17 14:44:52 --> Session: Class initialized using 'CodeIgniter\Session\Handlers\FileHandler' driver.
WARNING - 2023-05-17 14:44:52 --> Session: Sessions is enabled, and one exists.Please don't $session->start();
INFO - 2023-05-17 14:44:54 --> Session: Class initialized using 'CodeIgniter\Session\Handlers\FileHandler' driver.
INFO - 2023-05-17 14:44:57 --> Session: Class initialized using 'CodeIgniter\Session\Handlers\FileHandler' driver.
WARNING - 2023-05-17 14:44:57 --> Session: Sessions is enabled, and one exists.Please don't $session->start();
INFO - 2023-05-17 14:44:59 --> Session: Class initialized using 'CodeIgniter\Session\Handlers\FileHandler' driver.
INFO - 2023-05-17 14:46:57 --> Session: Class initialized using 'CodeIgniter\Session\Handlers\FileHandler' driver.
INFO - 2023-05-17 14:47:00 --> Session: Class initialized using 'CodeIgniter\Session\Handlers\FileHandler' driver.
WARNING - 2023-05-17 14:47:00 --> Session: Sessions is enabled, and one exists.Please don't $session->start();
INFO - 2023-05-17 14:47:07 --> Session: Class initialized using 'CodeIgniter\Session\Handlers\FileHandler' driver.
INFO - 2023-05-17 14:47:29 --> Session: Class initialized using 'CodeIgniter\Session\Handlers\FileHandler' driver.
CRITICAL - 2023-05-17 14:47:29 --> Undefined variable $berka
in APPPATH\Views\view_berkas.php on line 30.
 1 APPPATH\Views\view_berkas.php(30): CodeIgniter\Debug\Exceptions->errorHandler(2, 'Undefined variable $berka', 'APPPATH\\Views\\view_berkas.php', 30)
 2 SYSTEMPATH\View\View.php(213): include('APPPATH\\Views\\view_berkas.php')
 3 SYSTEMPATH\View\View.php(216): CodeIgniter\View\View->CodeIgniter\View\{closure}()
 4 SYSTEMPATH\Common.php(1184): CodeIgniter\View\View->render('/view_berkas', [], true)
 5 APPPATH\Controllers\UserData.php(27): view('/view_berkas', [...])
 6 SYSTEMPATH\CodeIgniter.php(934): App\Controllers\UserData->index()
 7 SYSTEMPATH\CodeIgniter.php(499): CodeIgniter\CodeIgniter->runController(Object(App\Controllers\UserData))
 8 SYSTEMPATH\CodeIgniter.php(368): CodeIgniter\CodeIgniter->handleRequest(null, Object(Config\Cache), false)
 9 FCPATH\index.php(67): CodeIgniter\CodeIgniter->run()
10 SYSTEMPATH\Commands\Server\rewrite.php(47): require_once('FCPATH\\index.php')
INFO - 2023-05-17 14:48:40 --> Session: Class initialized using 'CodeIgniter\Session\Handlers\FileHandler' driver.
INFO - 2023-05-17 14:48:45 --> Session: Class initialized using 'CodeIgniter\Session\Handlers\FileHandler' driver.
WARNING - 2023-05-17 14:48:45 --> Session: Sessions is enabled, and one exists.Please don't $session->start();
INFO - 2023-05-17 14:48:50 --> Session: Class initialized using 'CodeIgniter\Session\Handlers\FileHandler' driver.
WARNING - 2023-05-17 14:48:50 --> Session: Sessions is enabled, and one exists.Please don't $session->start();
INFO - 2023-05-17 14:48:58 --> Session: Class initialized using 'CodeIgniter\Session\Handlers\FileHandler' driver.
INFO - 2023-05-17 14:48:58 --> Session: Class initialized using 'CodeIgniter\Session\Handlers\FileHandler' driver.
INFO - 2023-05-17 14:49:01 --> Session: Class initialized using 'CodeIgniter\Session\Handlers\FileHandler' driver.
INFO - 2023-05-17 14:49:05 --> Session: Class initialized using 'CodeIgniter\Session\Handlers\FileHandler' driver.
INFO - 2023-05-17 14:49:09 --> Session: Class initialized using 'CodeIgniter\Session\Handlers\FileHandler' driver.
INFO - 2023-05-17 14:49:13 --> Session: Class initialized using 'CodeIgniter\Session\Handlers\FileHandler' driver.
INFO - 2023-05-17 14:49:13 --> Session: Class initialized using 'CodeIgniter\Session\Handlers\FileHandler' driver.
INFO - 2023-05-17 14:49:16 --> Session: Class initialized using 'CodeIgniter\Session\Handlers\FileHandler' driver.
INFO - 2023-05-17 14:49:19 --> Session: Class initialized using 'CodeIgniter\Session\Handlers\FileHandler' driver.
INFO - 2023-05-17 14:49:21 --> Session: Class initialized using 'CodeIgniter\Session\Handlers\FileHandler' driver.
INFO - 2023-05-17 14:49:24 --> Session: Class initialized using 'CodeIgniter\Session\Handlers\FileHandler' driver.
INFO - 2023-05-17 14:49:56 --> Session: Class initialized using 'CodeIgniter\Session\Handlers\FileHandler' driver.
WARNING - 2023-05-17 14:49:56 --> Session: Sessions is enabled, and one exists.Please don't $session->start();
INFO - 2023-05-17 14:53:23 --> Session: Class initialized using 'CodeIgniter\Session\Handlers\FileHandler' driver.
WARNING - 2023-05-17 14:53:23 --> Session: Sessions is enabled, and one exists.Please don't $session->start();
INFO - 2023-05-17 14:53:26 --> Session: Class initialized using 'CodeIgniter\Session\Handlers\FileHandler' driver.
WARNING - 2023-05-17 14:53:26 --> Session: Sessions is enabled, and one exists.Please don't $session->start();
INFO - 2023-05-17 14:53:28 --> Session: Class initialized using 'CodeIgniter\Session\Handlers\FileHandler' driver.
WARNING - 2023-05-17 14:53:28 --> Session: Sessions is enabled, and one exists.Please don't $session->start();
INFO - 2023-05-17 14:53:31 --> Session: Class initialized using 'CodeIgniter\Session\Handlers\FileHandler' driver.
WARNING - 2023-05-17 14:53:31 --> Session: Sessions is enabled, and one exists.Please don't $session->start();
INFO - 2023-05-17 14:53:41 --> Session: Class initialized using 'CodeIgniter\Session\Handlers\FileHandler' driver.
INFO - 2023-05-17 14:53:41 --> Session: Class initialized using 'CodeIgniter\Session\Handlers\FileHandler' driver.
WARNING - 2023-05-17 14:53:41 --> Session: Sessions is enabled, and one exists.Please don't $session->start();
INFO - 2023-05-17 14:54:18 --> Session: Class initialized using 'CodeIgniter\Session\Handlers\FileHandler' driver.
WARNING - 2023-05-17 14:54:18 --> Session: Sessions is enabled, and one exists.Please don't $session->start();
INFO - 2023-05-17 14:54:26 --> Session: Class initialized using 'CodeIgniter\Session\Handlers\FileHandler' driver.
INFO - 2023-05-17 14:54:26 --> Session: Class initialized using 'CodeIgniter\Session\Handlers\FileHandler' driver.
WARNING - 2023-05-17 14:54:26 --> Session: Sessions is enabled, and one exists.Please don't $session->start();
INFO - 2023-05-17 14:56:34 --> Session: Class initialized using 'CodeIgniter\Session\Handlers\FileHandler' driver.
WARNING - 2023-05-17 14:56:34 --> Session: Sessions is enabled, and one exists.Please don't $session->start();
INFO - 2023-05-17 14:56:42 --> Session: Class initialized using 'CodeIgniter\Session\Handlers\FileHandler' driver.
ERROR - 2023-05-17 14:56:42 --> mysqli_sql_exception: Column 'position' cannot be null in C:\xampp\htdocs\projekci3\system\Database\MySQLi\Connection.php:295
Stack trace:
#0 C:\xampp\htdocs\projekci3\system\Database\MySQLi\Connection.php(295): mysqli->query('INSERT INTO `us...', 0)
#1 C:\xampp\htdocs\projekci3\system\Database\BaseConnection.php(691): CodeIgniter\Database\MySQLi\Connection->execute('INSERT INTO `us...')
#2 C:\xampp\htdocs\projekci3\system\Database\BaseConnection.php(605): CodeIgniter\Database\BaseConnection->simpleQuery('INSERT INTO `us...')
#3 C:\xampp\htdocs\projekci3\system\Database\BaseBuilder.php(2309): CodeIgniter\Database\BaseConnection->query('INSERT INTO `us...', Array, false)
#4 C:\xampp\htdocs\projekci3\system\Model.php(330): CodeIgniter\Database\BaseBuilder->insert()
#5 C:\xampp\htdocs\projekci3\system\BaseModel.php(782): CodeIgniter\Model->doInsert(Array)
#6 C:\xampp\htdocs\projekci3\system\Model.php(730): CodeIgniter\BaseModel->insert(Array, true)
#7 C:\xampp\htdocs\projekci3\app\Controllers\UserData.php(78): CodeIgniter\Model->insert(Array)
#8 C:\xampp\htdocs\projekci3\system\CodeIgniter.php(934): App\Controllers\UserData->save()
#9 C:\xampp\htdocs\projekci3\system\CodeIgniter.php(499): CodeIgniter\CodeIgniter->runController(Object(App\Controllers\UserData))
#10 C:\xampp\htdocs\projekci3\system\CodeIgniter.php(368): CodeIgniter\CodeIgniter->handleRequest(NULL, Object(Config\Cache), false)
#11 C:\xampp\htdocs\projekci3\public\index.php(67): CodeIgniter\CodeIgniter->run()
#12 C:\xampp\htdocs\projekci3\system\Commands\Server\rewrite.php(47): require_once('C:\\xampp\\htdocs...')
#13 {main}
CRITICAL - 2023-05-17 14:56:42 --> Column 'position' cannot be null
in SYSTEMPATH\Database\BaseConnection.php on line 645.
 1 SYSTEMPATH\Database\BaseBuilder.php(2309): CodeIgniter\Database\BaseConnection->query('INSERT INTO `userdata` (`name`, `address`, `file`, `position`, `created_at`, `updated_at`) VALUES (:name:, :address:, :file:, :position:, :created_at:, :updated_at:)', [...], false)
 2 SYSTEMPATH\Model.php(330): CodeIgniter\Database\BaseBuilder->insert()
 3 SYSTEMPATH\BaseModel.php(782): CodeIgniter\Model->doInsert([...])
 4 SYSTEMPATH\Model.php(730): CodeIgniter\BaseModel->insert([...], true)
 5 APPPATH\Controllers\UserData.php(78): CodeIgniter\Model->insert([...])
 6 SYSTEMPATH\CodeIgniter.php(934): App\Controllers\UserData->save()
 7 SYSTEMPATH\CodeIgniter.php(499): CodeIgniter\CodeIgniter->runController(Object(App\Controllers\UserData))
 8 SYSTEMPATH\CodeIgniter.php(368): CodeIgniter\CodeIgniter->handleRequest(null, Object(Config\Cache), false)
 9 FCPATH\index.php(67): CodeIgniter\CodeIgniter->run()
10 SYSTEMPATH\Commands\Server\rewrite.php(47): require_once('FCPATH\\index.php')
INFO - 2023-05-17 14:57:19 --> Session: Class initialized using 'CodeIgniter\Session\Handlers\FileHandler' driver.
WARNING - 2023-05-17 14:57:19 --> Session: Sessions is enabled, and one exists.Please don't $session->start();
INFO - 2023-05-17 14:57:22 --> Session: Class initialized using 'CodeIgniter\Session\Handlers\FileHandler' driver.
INFO - 2023-05-17 14:57:22 --> Session: Class initialized using 'CodeIgniter\Session\Handlers\FileHandler' driver.
INFO - 2023-05-17 14:57:27 --> Session: Class initialized using 'CodeIgniter\Session\Handlers\FileHandler' driver.
INFO - 2023-05-17 14:57:30 --> Session: Class initialized using 'CodeIgniter\Session\Handlers\FileHandler' driver.
INFO - 2023-05-17 14:57:33 --> Session: Class initialized using 'CodeIgniter\Session\Handlers\FileHandler' driver.
INFO - 2023-05-17 15:00:01 --> Session: Class initialized using 'CodeIgniter\Session\Handlers\FileHandler' driver.
INFO - 2023-05-17 15:00:03 --> Session: Class initialized using 'CodeIgniter\Session\Handlers\FileHandler' driver.
WARNING - 2023-05-17 15:00:03 --> Session: Sessions is enabled, and one exists.Please don't $session->start();
INFO - 2023-05-17 15:00:11 --> Session: Class initialized using 'CodeIgniter\Session\Handlers\FileHandler' driver.
WARNING - 2023-05-17 15:00:11 --> Session: Sessions is enabled, and one exists.Please don't $session->start();
INFO - 2023-05-17 15:00:20 --> Session: Class initialized using 'CodeIgniter\Session\Handlers\FileHandler' driver.
INFO - 2023-05-17 15:00:20 --> Session: Class initialized using 'CodeIgniter\Session\Handlers\FileHandler' driver.
INFO - 2023-05-17 15:00:22 --> Session: Class initialized using 'CodeIgniter\Session\Handlers\FileHandler' driver.
INFO - 2023-05-17 15:00:25 --> Session: Class initialized using 'CodeIgniter\Session\Handlers\FileHandler' driver.
INFO - 2023-05-17 15:00:29 --> Session: Class initialized using 'CodeIgniter\Session\Handlers\FileHandler' driver.
INFO - 2023-05-17 15:00:39 --> Session: Class initialized using 'CodeIgniter\Session\Handlers\FileHandler' driver.
INFO - 2023-05-17 15:00:39 --> Session: Class initialized using 'CodeIgniter\Session\Handlers\FileHandler' driver.
INFO - 2023-05-17 15:00:42 --> Session: Class initialized using 'CodeIgniter\Session\Handlers\FileHandler' driver.
INFO - 2023-05-17 15:00:50 --> Session: Class initialized using 'CodeIgniter\Session\Handlers\FileHandler' driver.
INFO - 2023-05-17 15:01:03 --> Session: Class initialized using 'CodeIgniter\Session\Handlers\FileHandler' driver.
INFO - 2023-05-17 15:01:03 --> Session: Class initialized using 'CodeIgniter\Session\Handlers\FileHandler' driver.
INFO - 2023-05-17 15:07:31 --> Session: Class initialized using 'CodeIgniter\Session\Handlers\FileHandler' driver.
WARNING - 2023-05-17 15:07:31 --> Session: Sessions is enabled, and one exists.Please don't $session->start();
INFO - 2023-05-17 15:07:34 --> Session: Class initialized using 'CodeIgniter\Session\Handlers\FileHandler' driver.
INFO - 2023-05-17 15:07:38 --> Session: Class initialized using 'CodeIgniter\Session\Handlers\FileHandler' driver.
INFO - 2023-05-17 15:07:41 --> Session: Class initialized using 'CodeIgniter\Session\Handlers\FileHandler' driver.
INFO - 2023-05-17 15:07:44 --> Session: Class initialized using 'CodeIgniter\Session\Handlers\FileHandler' driver.
INFO - 2023-05-17 15:07:48 --> Session: Class initialized using 'CodeIgniter\Session\Handlers\FileHandler' driver.
INFO - 2023-05-17 15:07:54 --> Session: Class initialized using 'CodeIgniter\Session\Handlers\FileHandler' driver.
WARNING - 2023-05-17 15:07:54 --> Session: Sessions is enabled, and one exists.Please don't $session->start();
